<?xml version="1.0" encoding="UTF-8"?>
<!-- Generated by org.testng.reporters.JUnitReportReporter -->
<testsuite name="com.django.testSuite.DjangoTest" tests="1" time="10.020" ignored="0" failures="0" timestamp="13 Dec 2021 07:25:17 GMT" skipped="0" hostname="HIBAML57652" errors="0">
  <testcase name="validateRepoNameFromPageAndAPI" time="10.020" classname="com.django.testSuite.DjangoTest"/>
</testsuite> <!-- com.django.testSuite.DjangoTest -->
