<?xml version="1.0" encoding="UTF-8"?>
<!-- Generated by org.testng.reporters.JUnitReportReporter -->
<testsuite name="com.django.testSuite.TestClass" tests="1" time="36.403" ignored="0" failures="0" timestamp="12 Dec 2021 09:21:57 GMT" skipped="0" hostname="HIBAML57652" errors="0">
  <testcase name="hello" time="36.403" classname="com.django.testSuite.TestClass"/>
</testsuite> <!-- com.django.testSuite.TestClass -->
